\BOOKMARK [1][-]{section.1}{Introduction to the Problem}{}% 1
\BOOKMARK [2][-]{subsection.1.1}{Definition of the Problem}{section.1}% 2
\BOOKMARK [2][-]{subsection.1.2}{Data Description}{section.1}% 3
\BOOKMARK [2][-]{subsection.1.3}{Encoding the Data}{section.1}% 4
\BOOKMARK [3][-]{subsubsection.1.3.1}{Nominal Categorical Variables}{subsection.1.3}% 5
\BOOKMARK [3][-]{subsubsection.1.3.2}{Ordinal Categorical Variables}{subsection.1.3}% 6
\BOOKMARK [3][-]{subsubsection.1.3.3}{Encoding Process}{subsection.1.3}% 7
\BOOKMARK [1][-]{section.2}{Machine Learning Pipeline}{}% 8
\BOOKMARK [1][-]{section.3}{Feature Selection}{}% 9
\BOOKMARK [2][-]{subsection.3.1}{The Need for Feature Selection}{section.3}% 10
\BOOKMARK [2][-]{subsection.3.2}{Feature Selection Technique}{section.3}% 11
\BOOKMARK [2][-]{subsection.3.3}{Greedy Subset Selection Results}{section.3}% 12
\BOOKMARK [1][-]{section.4}{Cross Validation}{}% 13
\BOOKMARK [2][-]{subsection.4.1}{Basic Methodology}{section.4}% 14
\BOOKMARK [2][-]{subsection.4.2}{Train-Validate-Test}{section.4}% 15
\BOOKMARK [2][-]{subsection.4.3}{k-Fold CV}{section.4}% 16
\BOOKMARK [1][-]{section.5}{Hyperparameter Tuning}{}% 17
\BOOKMARK [1][-]{section.6}{Model Evaluations}{}% 18
\BOOKMARK [2][-]{subsection.6.1}{Model k-Fold CV Results}{section.6}% 19
\BOOKMARK [2][-]{subsection.6.2}{A Note Variability of Results}{section.6}% 20
\BOOKMARK [1][-]{section.7}{Model Comparison}{}% 21
\BOOKMARK [2][-]{subsection.7.1}{Hypothesis Testing}{section.7}% 22
\BOOKMARK [2][-]{subsection.7.2}{VC Dimensions and Generalizability}{section.7}% 23
